main.obj : error LNK2019: unresolved external symbol "bool __cdecl testing::internal::IsTrue(bool)" (?IsTrue@internal@testing@@YA_N_N@Z) referenced in function "public: static void (__cdecl*__cdecl testing::internal::SuiteApiResolver<class M6502Test1>::GetSetUpCaseOrSuite(char const *,int))(void)" (?GetSetUpCaseOrSuite@?$SuiteApiResolver@VM6502Test1@@@internal@testing@@SAP6AXXZPBDH@Z)
main.obj : error LNK2019: unresolved external symbol "public: __thiscall testing::internal::GTestLog::GTestLog(enum testing::internal::GTestLogSeverity,char const *,int)" (??0GTestLog@internal@testing@@QAE@W4GTestLogSeverity@12@PBDH@Z) referenced in function "public: static void (__cdecl*__cdecl testing::internal::SuiteApiResolver<class M6502Test1>::GetSetUpCaseOrSuite(char const *,int))(void)" (?GetSetUpCaseOrSuite@?$SuiteApiResolver@VM6502Test1@@@internal@testing@@SAP6AXXZPBDH@Z)
main.obj : error LNK2019: unresolved external symbol "public: __thiscall testing::internal::GTestLog::~GTestLog(void)" (??1GTestLog@internal@testing@@QAE@XZ) referenced in function "public: static void (__cdecl*__cdecl testing::internal::SuiteApiResolver<class M6502Test1>::GetSetUpCaseOrSuite(char const *,int))(void)" (?GetSetUpCaseOrSuite@?$SuiteApiResolver@VM6502Test1@@@internal@testing@@SAP6AXXZPBDH@Z)
main.obj : error LNK2019: unresolved external symbol "class testing::TestInfo * __cdecl testing::internal::MakeAndRegisterTestInfo(class std::basic_string<char,struct std::char_traits<char>,class std::allocator<char> >,char const *,char const *,char const *,struct testing::internal::CodeLocation,void const *,void (__cdecl*)(void),void (__cdecl*)(void),class testing::internal::TestFactoryBase *)" (?MakeAndRegisterTestInfo@internal@testing@@YAPAVTestInfo@2@V?$basic_string@DU?$char_traits@D@std@@V?$allocator@D@2@@std@@PBD11UCodeLocation@12@PBXP6AXXZ4PAVTestFactoryBase@12@@Z) referenced in function "void __cdecl `dynamic initializer for 'private: static class testing::TestInfo * M6502Test1_RunALittleInlineProgram_Test::test_info_''(void)" (??__E?test_info_@M6502Test1_RunALittleInlineProgram_Test@@0QAVTestInfo@testing@@A@@YAXXZ)
main.obj : error LNK2019: unresolved external symbol "public: virtual __thiscall testing::Test::~Test(void)" (??1Test@testing@@UAE@XZ) referenced in function "public: virtual __thiscall M6502Test1::~M6502Test1(void)" (??1M6502Test1@@UAE@XZ)
main.obj : error LNK2019: unresolved external symbol "protected: __thiscall testing::Test::Test(void)" (??0Test@testing@@IAE@XZ) referenced in function "public: __thiscall M6502Test1::M6502Test1(void)" (??0M6502Test1@@QAE@XZ)
C:\Users\FLavenN\Desktop\Projects\6502_CPU_Emulator\googletest\lib\Debug\gtest.lib : warning LNK4272: library machine type 'x64' conflicts with target machine type 'x86'
C:\Users\FLavenN\Desktop\Projects\6502_CPU_Emulator\Debug\6502_CPU_Emulator.exe : fatal error LNK1120: 6 unresolved externals
